<?xml version="1.0" encoding="UTF-8"?>
<testsuite name="com.example.project.TestActivityTracker" tests="10" skipped="0" failures="0" errors="0" timestamp="2024-10-22T13:18:58" hostname="codespaces-fa1d95" time="0.085">
  <properties/>
  <testcase name="testRow10()" classname="com.example.project.TestActivityTracker" time="0.031"/>
  <testcase name="testRow11()" classname="com.example.project.TestActivityTracker" time="0.021"/>
  <testcase name="testRow13()" classname="com.example.project.TestActivityTracker" time="0.003"/>
  <testcase name="testRow14()" classname="com.example.project.TestActivityTracker" time="0.003"/>
  <testcase name="testRow17()" classname="com.example.project.TestActivityTracker" time="0.003"/>
  <testcase name="testRow1()" classname="com.example.project.TestActivityTracker" time="0.001"/>
  <testcase name="testRow2()" classname="com.example.project.TestActivityTracker" time="0.001"/>
  <testcase name="testRow4()" classname="com.example.project.TestActivityTracker" time="0.001"/>
  <testcase name="testRow6()" classname="com.example.project.TestActivityTracker" time="0.001"/>
  <testcase name="testRow8()" classname="com.example.project.TestActivityTracker" time="0.001"/>
  <system-out><![CDATA[]]></system-out>
  <system-err><![CDATA[]]></system-err>
</testsuite>
